[0.063s] Invoking command in '/home/user/ros2_ws/src/manipulation_project/build/real_moveit_config': CMAKE_PREFIX_PATH=${CMAKE_PREFIX_PATH}:/home/simulations/ros2_sims_ws/install/rclrs_tests:/home/simulations/ros2_sims_ws/install/examples_rclrs_minimal_client_service:/home/simulations/ros2_sims_ws/install/sensor_msgs_py:/home/simulations/ros2_sims_ws/install/examples_rclrs_minimal_pub_sub:/home/simulations/ros2_sims_ws/install/examples_rclrs_message_demo:/home/simulations/ros2_sims_ws/install/rclrs:/home/simulations/ros2_sims_ws/install/rosidl_runtime_rs:/home/user/ros2_ws/install/ros2test:/home/user/ros2_ws/install/robotiq_85_driver:/opt/ros/humble _=/usr/bin/env /usr/bin/cmake /home/user/ros2_ws/src/manipulation_project/real_moveit_config -DCMAKE_INSTALL_PREFIX=/home/user/ros2_ws/src/manipulation_project/install/real_moveit_config
[0.208s] -- The C compiler identification is GNU 11.3.0
[0.323s] -- The CXX compiler identification is GNU 11.3.0
[0.347s] -- Detecting C compiler ABI info
[0.561s] -- Detecting C compiler ABI info - done
[0.574s] -- Check for working C compiler: /usr/bin/cc - skipped
[0.574s] -- Detecting C compile features
[0.575s] -- Detecting C compile features - done
[0.579s] -- Detecting CXX compiler ABI info
[0.784s] -- Detecting CXX compiler ABI info - done
[0.796s] -- Check for working CXX compiler: /usr/bin/c++ - skipped
[0.796s] -- Detecting CXX compile features
[0.797s] -- Detecting CXX compile features - done
[0.813s] -- Found ament_cmake: 1.3.4 (/opt/ros/humble/share/ament_cmake/cmake)
[1.374s] -- Found Python3: /usr/bin/python3.10 (found version "3.10.6") found components: Interpreter 
[1.849s] -- Configuring done
[1.854s] -- Generating done
[1.856s] -- Build files have been written to: /home/user/ros2_ws/src/manipulation_project/build/real_moveit_config
[1.863s] Invoked command in '/home/user/ros2_ws/src/manipulation_project/build/real_moveit_config' returned '0': CMAKE_PREFIX_PATH=${CMAKE_PREFIX_PATH}:/home/simulations/ros2_sims_ws/install/rclrs_tests:/home/simulations/ros2_sims_ws/install/examples_rclrs_minimal_client_service:/home/simulations/ros2_sims_ws/install/sensor_msgs_py:/home/simulations/ros2_sims_ws/install/examples_rclrs_minimal_pub_sub:/home/simulations/ros2_sims_ws/install/examples_rclrs_message_demo:/home/simulations/ros2_sims_ws/install/rclrs:/home/simulations/ros2_sims_ws/install/rosidl_runtime_rs:/home/user/ros2_ws/install/ros2test:/home/user/ros2_ws/install/robotiq_85_driver:/opt/ros/humble _=/usr/bin/env /usr/bin/cmake /home/user/ros2_ws/src/manipulation_project/real_moveit_config -DCMAKE_INSTALL_PREFIX=/home/user/ros2_ws/src/manipulation_project/install/real_moveit_config
[1.871s] Invoking command in '/home/user/ros2_ws/src/manipulation_project/build/real_moveit_config': CMAKE_PREFIX_PATH=${CMAKE_PREFIX_PATH}:/home/simulations/ros2_sims_ws/install/rclrs_tests:/home/simulations/ros2_sims_ws/install/examples_rclrs_minimal_client_service:/home/simulations/ros2_sims_ws/install/sensor_msgs_py:/home/simulations/ros2_sims_ws/install/examples_rclrs_minimal_pub_sub:/home/simulations/ros2_sims_ws/install/examples_rclrs_message_demo:/home/simulations/ros2_sims_ws/install/rclrs:/home/simulations/ros2_sims_ws/install/rosidl_runtime_rs:/home/user/ros2_ws/install/ros2test:/home/user/ros2_ws/install/robotiq_85_driver:/opt/ros/humble _=/usr/bin/env /usr/bin/cmake --build /home/user/ros2_ws/src/manipulation_project/build/real_moveit_config -- -j8 -l8
[1.973s] Invoked command in '/home/user/ros2_ws/src/manipulation_project/build/real_moveit_config' returned '0': CMAKE_PREFIX_PATH=${CMAKE_PREFIX_PATH}:/home/simulations/ros2_sims_ws/install/rclrs_tests:/home/simulations/ros2_sims_ws/install/examples_rclrs_minimal_client_service:/home/simulations/ros2_sims_ws/install/sensor_msgs_py:/home/simulations/ros2_sims_ws/install/examples_rclrs_minimal_pub_sub:/home/simulations/ros2_sims_ws/install/examples_rclrs_message_demo:/home/simulations/ros2_sims_ws/install/rclrs:/home/simulations/ros2_sims_ws/install/rosidl_runtime_rs:/home/user/ros2_ws/install/ros2test:/home/user/ros2_ws/install/robotiq_85_driver:/opt/ros/humble _=/usr/bin/env /usr/bin/cmake --build /home/user/ros2_ws/src/manipulation_project/build/real_moveit_config -- -j8 -l8
[2.094s] Invoking command in '/home/user/ros2_ws/src/manipulation_project/build/real_moveit_config': CMAKE_PREFIX_PATH=${CMAKE_PREFIX_PATH}:/home/simulations/ros2_sims_ws/install/rclrs_tests:/home/simulations/ros2_sims_ws/install/examples_rclrs_minimal_client_service:/home/simulations/ros2_sims_ws/install/sensor_msgs_py:/home/simulations/ros2_sims_ws/install/examples_rclrs_minimal_pub_sub:/home/simulations/ros2_sims_ws/install/examples_rclrs_message_demo:/home/simulations/ros2_sims_ws/install/rclrs:/home/simulations/ros2_sims_ws/install/rosidl_runtime_rs:/home/user/ros2_ws/install/ros2test:/home/user/ros2_ws/install/robotiq_85_driver:/opt/ros/humble _=/usr/bin/env /usr/bin/cmake --install /home/user/ros2_ws/src/manipulation_project/build/real_moveit_config
[2.116s] -- Install configuration: ""
[2.116s] -- Installing: /home/user/ros2_ws/src/manipulation_project/install/real_moveit_config/share/ament_index/resource_index/package_run_dependencies/real_moveit_config
[2.117s] -- Installing: /home/user/ros2_ws/src/manipulation_project/install/real_moveit_config/share/ament_index/resource_index/parent_prefix_path/real_moveit_config
[2.118s] -- Installing: /home/user/ros2_ws/src/manipulation_project/install/real_moveit_config/share/real_moveit_config/environment/ament_prefix_path.sh
[2.118s] -- Installing: /home/user/ros2_ws/src/manipulation_project/install/real_moveit_config/share/real_moveit_config/environment/ament_prefix_path.dsv
[2.118s] -- Installing: /home/user/ros2_ws/src/manipulation_project/install/real_moveit_config/share/real_moveit_config/environment/path.sh
[2.119s] -- Installing: /home/user/ros2_ws/src/manipulation_project/install/real_moveit_config/share/real_moveit_config/environment/path.dsv
[2.119s] -- Installing: /home/user/ros2_ws/src/manipulation_project/install/real_moveit_config/share/real_moveit_config/local_setup.bash
[2.119s] -- Installing: /home/user/ros2_ws/src/manipulation_project/install/real_moveit_config/share/real_moveit_config/local_setup.sh
[2.120s] -- Installing: /home/user/ros2_ws/src/manipulation_project/install/real_moveit_config/share/real_moveit_config/local_setup.zsh
[2.120s] -- Installing: /home/user/ros2_ws/src/manipulation_project/install/real_moveit_config/share/real_moveit_config/local_setup.dsv
[2.120s] -- Installing: /home/user/ros2_ws/src/manipulation_project/install/real_moveit_config/share/real_moveit_config/package.dsv
[2.121s] -- Installing: /home/user/ros2_ws/src/manipulation_project/install/real_moveit_config/share/ament_index/resource_index/packages/real_moveit_config
[2.121s] -- Installing: /home/user/ros2_ws/src/manipulation_project/install/real_moveit_config/share/real_moveit_config/cmake/real_moveit_configConfig.cmake
[2.121s] -- Installing: /home/user/ros2_ws/src/manipulation_project/install/real_moveit_config/share/real_moveit_config/cmake/real_moveit_configConfig-version.cmake
[2.121s] -- Installing: /home/user/ros2_ws/src/manipulation_project/install/real_moveit_config/share/real_moveit_config/package.xml
[2.122s] -- Installing: /home/user/ros2_ws/src/manipulation_project/install/real_moveit_config/share/real_moveit_config/launch
[2.122s] -- Installing: /home/user/ros2_ws/src/manipulation_project/install/real_moveit_config/share/real_moveit_config/launch/move_group.launch.py
[2.122s] -- Installing: /home/user/ros2_ws/src/manipulation_project/install/real_moveit_config/share/real_moveit_config/launch/static_virtual_joint_tfs.launch.py
[2.122s] -- Installing: /home/user/ros2_ws/src/manipulation_project/install/real_moveit_config/share/real_moveit_config/launch/rsp.launch.py
[2.122s] -- Installing: /home/user/ros2_ws/src/manipulation_project/install/real_moveit_config/share/real_moveit_config/launch/spawn_controllers.launch.py
[2.123s] -- Installing: /home/user/ros2_ws/src/manipulation_project/install/real_moveit_config/share/real_moveit_config/launch/moveit_rviz.launch.py
[2.123s] -- Installing: /home/user/ros2_ws/src/manipulation_project/install/real_moveit_config/share/real_moveit_config/launch/setup_assistant.launch.py
[2.123s] -- Installing: /home/user/ros2_ws/src/manipulation_project/install/real_moveit_config/share/real_moveit_config/launch/warehouse_db.launch.py
[2.123s] -- Installing: /home/user/ros2_ws/src/manipulation_project/install/real_moveit_config/share/real_moveit_config/launch/demo.launch.py
[2.123s] -- Installing: /home/user/ros2_ws/src/manipulation_project/install/real_moveit_config/share/real_moveit_config/config
[2.123s] -- Installing: /home/user/ros2_ws/src/manipulation_project/install/real_moveit_config/share/real_moveit_config/config/pilz_cartesian_limits.yaml
[2.124s] -- Installing: /home/user/ros2_ws/src/manipulation_project/install/real_moveit_config/share/real_moveit_config/config/moveit_controllers.yaml
[2.124s] -- Installing: /home/user/ros2_ws/src/manipulation_project/install/real_moveit_config/share/real_moveit_config/config/moveit.rviz
[2.124s] -- Installing: /home/user/ros2_ws/src/manipulation_project/install/real_moveit_config/share/real_moveit_config/config/kinematics.yaml
[2.124s] -- Installing: /home/user/ros2_ws/src/manipulation_project/install/real_moveit_config/share/real_moveit_config/config/name.srdf
[2.124s] -- Installing: /home/user/ros2_ws/src/manipulation_project/install/real_moveit_config/share/real_moveit_config/config/joint_limits.yaml
[2.125s] -- Installing: /home/user/ros2_ws/src/manipulation_project/install/real_moveit_config/share/real_moveit_config/.setup_assistant
[2.130s] Invoked command in '/home/user/ros2_ws/src/manipulation_project/build/real_moveit_config' returned '0': CMAKE_PREFIX_PATH=${CMAKE_PREFIX_PATH}:/home/simulations/ros2_sims_ws/install/rclrs_tests:/home/simulations/ros2_sims_ws/install/examples_rclrs_minimal_client_service:/home/simulations/ros2_sims_ws/install/sensor_msgs_py:/home/simulations/ros2_sims_ws/install/examples_rclrs_minimal_pub_sub:/home/simulations/ros2_sims_ws/install/examples_rclrs_message_demo:/home/simulations/ros2_sims_ws/install/rclrs:/home/simulations/ros2_sims_ws/install/rosidl_runtime_rs:/home/user/ros2_ws/install/ros2test:/home/user/ros2_ws/install/robotiq_85_driver:/opt/ros/humble _=/usr/bin/env /usr/bin/cmake --install /home/user/ros2_ws/src/manipulation_project/build/real_moveit_config
